app/build/outputs/mapping/release/seeds.txt
uz.gita.puzzle15MBF.FragmentGame
uz.gita.puzzle15MBF.FragmentSettings
uz.gita.puzzle15MBF.App
uz.gita.puzzle15MBF.MainActivity
uz.gita.puzzle15MBF.FragmentMain
uz.gita.puzzle15MBF.FragmentMain: FragmentMain()
uz.gita.puzzle15MBF.App: App()
uz.gita.puzzle15MBF.MainActivity: MainActivity()
uz.gita.puzzle15MBF.FragmentSettings: FragmentSettings()
uz.gita.puzzle15MBF.FragmentGame: FragmentGame()
...
com.google.android.material.chip.Chip: void setCloseIconEnabled(boolean)
com.google.android.material.chip.ChipGroup: void setShowDividerVertical(int)
com.google.android.material.button.MaterialButton: void setStrokeWidth(int)
androidx.appcompat.widget.Toolbar: Toolbar(android.content.Context,android.util.AttributeSet)
com.google.android.material.chip.Chip: java.lang.CharSequence getCloseIconContentDescription()
androidx.core.view.ViewCompat$Api16Impl: int getMinimumWidth(android.view.View)
com.google.android.material.button.MaterialButton: void setIcon(android.graphics.drawable.Drawable)
com.google.android.material.card.MaterialCardView: void setStrokeColor(int)
androidx.appcompat.widget.SwitchCompat: boolean getShowText()
com.google.android.material.chip.Chip: float getIconStartPadding()
com.google.android.material.transformation.ExpandableBehavior: ExpandableBehavior()
androidx.appcompat.widget.SwitchCompat: void setSplitTrack(boolean)
com.daimajia.androidanimations.library.YoYo$AnimationComposer: YoYo$AnimationComposer(com.daimajia.androidanimations.library.Techniques)
com.google.android.material.chip.Chip: void setCheckedIconEnabledResource(int)
com.google.android.material.card.MaterialCardView: int getContentPaddingTop()
android.support.v4.graphics.drawable.IconCompatParcelizer: androidx.core.graphics.drawable.IconCompat read(androidx.versionedparcelable.VersionedParcel)
com.google.android.material.snackbar.BaseTransientBottomBar$SnackbarBaseLayout: void setOnLayoutChangeListener(com.google.android.material.snackbar.BaseTransientBottomBar$OnLayoutChangeListener)
androidx.appcompat.widget.MenuPopupWindow$MenuDropDownListView: void setHoverListener(androidx.appcompat.widget.MenuItemHoverListener)
com.google.android.material.appbar.AppBarLayout: void setStatusBarForeground(android.graphics.drawable.Drawable)
androidx.appcompat.widget.AppCompatSpinner: int getDropDownHorizontalOffset()
com.google.android.material.button.MaterialButtonToggleGroup: int getLastVisibleChildIndex()
androidx.coordinatorlayout.widget.CoordinatorLayout: CoordinatorLayout(android.content.Context,android.util.AttributeSet)
androidx.appcompat.widget.AppCompatCheckBox: int getCompoundPaddingLeft()
androidx.fragment.app.Fragment: Fragment(int)
com.google.android.material.snackbar.Snackbar$SnackbarLayout: void setOnClickListener(android.view.View$OnClickListener)
kotlinx.coroutines.android.AndroidExceptionPreHandler: java.lang.reflect.Method preHandler()
androidx.constraintlayout.widget.Barrier: int getType()
androidx.appcompat.widget.AppCompatTextView: void setPrecomputedText(androidx.core.text.PrecomputedTextCompat)
androidx.appcompat.widget.SearchView: void setQuery(java.lang.CharSequence)
androidx.coordinatorlayout.widget.CoordinatorLayout: void setStatusBarBackgroundResource(int)
com.google.android.material.floatingactionbutton.ExtendedFloatingActionButton: void setExtendMotionSpecResource(int)
androidx.appcompat.widget.AppCompatImageView: void setSupportImageTintList(android.content.res.ColorStateList)
androidx.appcompat.widget.AppCompatToggleButton: void setBackgroundResource(int)
com.google.android.material.chip.Chip: void setRippleColorResource(int)
androidx.core.view.ViewCompat$Api26Impl: int getImportantForAutofill(android.view.View)
androidx.appcompat.widget.ActionBarOverlayLayout: void setLogo(int)
androidx.appcompat.widget.AppCompatButton: void setAllCaps(boolean)
com.google.android.material.button.MaterialButton: void setPressed(boolean)
androidx.core.view.WindowInsetsCompat$Impl29: androidx.core.graphics.Insets getSystemGestureInsets()
androidx.core.view.ViewCompat$Api17Impl: int generateViewId()
com.google.android.material.button.MaterialButton: void setInternalBackground(android.graphics.drawable.Drawable)
com.google.android.material.floatingactionbutton.FloatingActionButton$Behavior: FloatingActionButton$Behavior(android.content.Context,android.util.AttributeSet)