app/build/outputs/mapping/release/mapping.txt
# compiler: R8
# compiler_version: 3.1.66
# min_api: 21
# pg_map_id: c233081
# common_typos_disable
# {"id":"com.android.tools.r8.mapping","version":"1.0"}
uz.gita.puzzle15MBF.App -> uz.gita.puzzle15MBF.App:
    1:1:void uz.gita.puzzle15MBF.database.MySharedPreferences.initPreferences(android.content.Context):0:0 -> onCreate
    1:1:void onCreate():0 -> onCreate
uz.gita.puzzle15MBF.FragmentGame -> uz.gita.puzzle15MBF.FragmentGame:
    int x -> d0
    android.media.MediaPlayer mediaPlayer -> h0
    long onBackPressedTime -> k0
    int counter -> f0
    int y -> e0
    androidx.lifecycle.MutableLiveData isGameRestarted -> Y
    androidx.lifecycle.MutableLiveData isGamePaused -> Z
    int winPlayer -> j0
    int soundPlayer -> i0
    long timeWhenPaused -> l0
    android.media.SoundPool soundPool -> g0
    uz.gita.puzzle15MBF.databinding.FragmentGameBinding _binding -> a0
    int $r8$clinit -> m0
    java.util.ArrayList numbers -> c0
    androidx.appcompat.widget.AppCompatButton[][] cell -> b0
    1:1:void generateNumbers():0:0 -> B
    1:1:void onCreate(android.os.Bundle):0 -> B
    2:2:void createSoundPool():0:0 -> B
    2:2:void onCreate(android.os.Bundle):0 -> B
    3:3:boolean uz.gita.puzzle15MBF.database.MySharedPreferences.getBoolean(java.lang.String,boolean):0:0 -> B
    3:3:void createSoundPool():0 -> B
    3:3:void onCreate(android.os.Bundle):0 -> B
    4:4:void createSoundPool():0:0 -> B
    4:4:void onCreate(android.os.Bundle):0 -> B
    5:5:void createMediaPlayer():0:0 -> B
    5:5:void onCreate(android.os.Bundle):0 -> B
    6:6:boolean uz.gita.puzzle15MBF.database.MySharedPreferences.getBoolean(java.lang.String,boolean):0:0 -> B
    6:6:void createMediaPlayer():0 -> B
    6:6:void onCreate(android.os.Bundle):0 -> B
    7:7:void createMediaPlayer():0:0 -> B
    7:7:void onCreate(android.os.Bundle):0 -> B
uz.gita.puzzle15MBF.FragmentGame$isGamePausedObserver$1$1 -> c3.b:
    uz.gita.puzzle15MBF.databinding.FragmentGameBinding $this_with -> d
    uz.gita.puzzle15MBF.FragmentGame this$0 -> e
    1:1:void uz.gita.puzzle15MBF.FragmentGame$isGamePausedObserver$1$1.invoke(android.view.View):0:0 -> d
    1:1:java.lang.Object invoke(java.lang.Object):0 -> d
    2:2:androidx.lifecycle.MutableLiveData uz.gita.puzzle15MBF.FragmentGame.access$isGamePaused$p(uz.gita.puzzle15MBF.FragmentGame):0:0 -> d
    2:2:void uz.gita.puzzle15MBF.FragmentGame$isGamePausedObserver$1$1.invoke(android.view.View):0 -> d
    2:2:java.lang.Object invoke(java.lang.Object):0 -> d
    3:3:void uz.gita.puzzle15MBF.FragmentGame$isGamePausedObserver$1$1.invoke(android.view.View):0:0 -> d
    3:3:java.lang.Object invoke(java.lang.Object):0 -> d
    4:4:java.lang.Object invoke(java.lang.Object):0:0 -> d
uz.gita.puzzle15MBF.FragmentGame$isGamePausedObserver$2$1 -> c3.c:
    uz.gita.puzzle15MBF.databinding.FragmentGameBinding $this_with -> d
    uz.gita.puzzle15MBF.FragmentGame this$0 -> e
    1:1:void uz.gita.puzzle15MBF.FragmentGame$isGamePausedObserver$2$1.invoke(android.view.View):0:0 -> d
    1:1:java.lang.Object invoke(java.lang.Object):0 -> d
    2:2:androidx.lifecycle.MutableLiveData uz.gita.puzzle15MBF.FragmentGame.access$isGamePaused$p(uz.gita.puzzle15MBF.FragmentGame):0:0 -> d
    2:2:void uz.gita.puzzle15MBF.FragmentGame$isGamePausedObserver$2$1.invoke(android.view.View):0 -> d
    2:2:java.lang.Object invoke(java.lang.Object):0 -> d
    3:3:void uz.gita.puzzle15MBF.FragmentGame$isGamePausedObserver$2$1.invoke(android.view.View):0:0 -> d
    3:3:java.lang.Object invoke(java.lang.Object):0 -> d
    4:4:java.lang.Object invoke(java.lang.Object):0:0 -> d
...
com.google.android.material.transformation.FabTransformationBehavior$1 -> com.google.android.material.transformation.FabTransformationBehavior$a:
    android.view.View val$dependency -> c
    android.view.View val$child -> b
    boolean val$expanded -> a
com.google.android.material.transformation.FabTransformationBehavior$2 -> com.google.android.material.transformation.a:
    android.view.View val$child -> a
com.google.android.material.transformation.FabTransformationBehavior$3 -> com.google.android.material.transformation.b:
    com.google.android.material.circularreveal.CircularRevealWidget val$circularRevealChild -> a
    android.graphics.drawable.Drawable val$icon -> b
com.google.android.material.transformation.FabTransformationBehavior$4 -> com.google.android.material.transformation.c:
    com.google.android.material.circularreveal.CircularRevealWidget val$circularRevealChild -> a
com.google.android.material.transformation.FabTransformationBehavior$FabTransformationSpec -> com.google.android.material.transformation.FabTransformationBehavior$b:
    com.google.android.material.animation.MotionSpec timings -> a
    com.google.android.material.animation.Positioning positioning -> b
com.google.android.material.transformation.FabTransformationScrimBehavior -> com.google.android.material.transformation.FabTransformationScrimBehavior:
    com.google.android.material.animation.MotionTiming expandTiming -> c
    com.google.android.material.animation.MotionTiming collapseTiming -> d
    boolean layoutDependsOn(androidx.coordinatorlayout.widget.CoordinatorLayout,android.view.View,android.view.View) -> b
    boolean onTouchEvent(androidx.coordinatorlayout.widget.CoordinatorLayout,android.view.View,android.view.MotionEvent) -> r
    1:1:void createScrimAnimation(android.view.View,boolean,boolean,java.util.List,java.util.List):0:0 -> u
    1:1:android.animation.AnimatorSet onCreateExpandedStateChangeAnimation(android.view.View,android.view.View,boolean,boolean):0 -> u
    2:2:android.animation.AnimatorSet onCreateExpandedStateChangeAnimation(android.view.View,android.view.View,boolean,boolean):0:0 -> u
com.google.android.material.transformation.FabTransformationScrimBehavior$1 -> com.google.android.material.transformation.FabTransformationScrimBehavior$a:
    android.view.View val$child -> b
    boolean val$expanded -> a
com.google.android.material.transformation.FabTransformationSheetBehavior -> com.google.android.material.transformation.FabTransformationSheetBehavior:
    java.util.Map importantForAccessibilityMap -> i
    com.google.android.material.transformation.FabTransformationBehavior$FabTransformationSpec onCreateMotionSpec(android.content.Context,boolean) -> A
    1:1:void updateImportantForAccessibility(android.view.View,boolean):0:0 -> t
    1:1:boolean onExpandedStateChange(android.view.View,android.view.View,boolean,boolean):0 -> t
    2:2:androidx.coordinatorlayout.widget.CoordinatorLayout$Behavior androidx.coordinatorlayout.widget.CoordinatorLayout$LayoutParams.getBehavior():0:0 -> t
    2:2:void updateImportantForAccessibility(android.view.View,boolean):0 -> t
    2:2:boolean onExpandedStateChange(android.view.View,android.view.View,boolean,boolean):0 -> t
    3:3:void updateImportantForAccessibility(android.view.View,boolean):0:0 -> t
    3:3:boolean onExpandedStateChange(android.view.View,android.view.View,boolean,boolean):0 -> t
    4:4:void androidx.core.view.ViewCompat.setImportantForAccessibility(android.view.View,int):0:0 -> t
    4:4:void updateImportantForAccessibility(android.view.View,boolean):0 -> t
    4:4:boolean onExpandedStateChange(android.view.View,android.view.View,boolean,boolean):0 -> t
    5:5:void updateImportantForAccessibility(android.view.View,boolean):0:0 -> t
com.google.android.material.transformation.TransformationChildCard -> f2.a:
com.google.android.material.transformation.TransformationChildLayout -> f2.b: