app/build/outputs/mapping/release/usage.txt
uz.gita.puzzle15MBF.BuildConfig
uz.gita.puzzle15MBF.MainActivity:
    private long pressedTime
uz.gita.puzzle15MBF.R$anim
uz.gita.puzzle15MBF.R$color
uz.gita.puzzle15MBF.R$drawable
uz.gita.puzzle15MBF.R$font
uz.gita.puzzle15MBF.R$id
uz.gita.puzzle15MBF.R$layout
uz.gita.puzzle15MBF.R$mipmap
uz.gita.puzzle15MBF.R$navigation
uz.gita.puzzle15MBF.R$raw
uz.gita.puzzle15MBF.R$string
uz.gita.puzzle15MBF.R$style
uz.gita.puzzle15MBF.R
uz.gita.puzzle15MBF.database.MySharedPreferences:
    public final float getFloat(java.lang.String,float)
    public final int getInt(java.lang.String,int)
    public final long getLong(java.lang.String,long)
    public final java.util.Set getStringSet(java.lang.String,java.util.Set)
    public final void putFloat(java.lang.String,float)
    public final void putInt(java.lang.String,int)
    public final void putLong(java.lang.String,long)
    public final void putStringSet(java.lang.String,java.util.Set)
uz.gita.puzzle15MBF.databinding.ActivityMainBinding:
    public synthetic bridge android.view.View getRoot()
uz.gita.puzzle15MBF.databinding.DialogAboutBinding:
    public synthetic bridge android.view.View getRoot()
uz.gita.puzzle15MBF.databinding.DialogClearRecordsBinding:
    public synthetic bridge android.view.View getRoot()
uz.gita.puzzle15MBF.databinding.DialogContinueGameBinding
uz.gita.puzzle15MBF.databinding.DialogExitAppBinding:
    public synthetic bridge android.view.View getRoot()
uz.gita.puzzle15MBF.databinding.DialogRecordsBinding:
    public synthetic bridge android.view.View getRoot()
uz.gita.puzzle15MBF.databinding.DialogWinnerBinding:
    public synthetic bridge android.view.View getRoot()
uz.gita.puzzle15MBF.databinding.FragmentGameBinding:
    public synthetic bridge android.view.View getRoot()
    public static uz.gita.puzzle15MBF.databinding.FragmentGameBinding inflate(android.view.LayoutInflater)
uz.gita.puzzle15MBF.databinding.FragmentMainBinding:
    public synthetic bridge android.view.View getRoot()
    public static uz.gita.puzzle15MBF.databinding.FragmentMainBinding inflate(android.view.LayoutInflater)
uz.gita.puzzle15MBF.databinding.FragmentSettingsBinding:
    public synthetic bridge android.view.View getRoot()
    public static uz.gita.puzzle15MBF.databinding.FragmentSettingsBinding inflate(android.view.LayoutInflater)
uz.gita.puzzle15MBF.FragmentGame$$InternalSyntheticLambda$0$578006ce41c9ffa233f273155e60afd88398f04d25fbb13570caa3310b20c4e0$0:
    private final void onChanged$uz$gita$puzzle15MBF$FragmentGame$$InternalSyntheticLambda$0$578006ce41c9ffa233f273155e60afd88398f04d25fbb13570caa3310b20c4e0$0(java.lang.Object)
    private final void onChanged$uz$gita$puzzle15MBF$FragmentGame$$InternalSyntheticLambda$0$fdb09b892d4fcaecf16ef6b0309d85286da01c56853fafc29cab2a2fd207f6a8$0(java.lang.Object)
uz.gita.puzzle15MBF.FragmentGame$$InternalSyntheticLambda$0$6bd5c2e47a14aab330c1f3eb886b2ff9564308392af10c6eea27dfd99e31e9ac$0
uz.gita.puzzle15MBF.FragmentGame$$InternalSyntheticLambda$0$fdb09b892d4fcaecf16ef6b0309d85286da01c56853fafc29cab2a2fd207f6a8$0
uz.gita.puzzle15MBF.FragmentGame$$InternalSyntheticLambda$1$0d504534ad060f25c3ffd0196e4e9ab8522d153aec26b51f21fecfc9f6903585$0
uz.gita.puzzle15MBF.FragmentGame$isGamePausedObserver$1$1:
    public final void invoke(android.view.View)
uz.gita.puzzle15MBF.FragmentGame$isGamePausedObserver$2$1:
    public final void invoke(android.view.View)
uz.gita.puzzle15MBF.FragmentGame$loadViews$1:
    public final void invoke(android.view.View)
uz.gita.puzzle15MBF.FragmentGame$popUpGameOverDialog$1:
    public final void invoke(android.view.View)
uz.gita.puzzle15MBF.FragmentGame$popUpGameOverDialog$2:
    public final void invoke(android.view.View)
uz.gita.puzzle15MBF.FragmentGame$registerBinding$1$1:
    public final void invoke(android.view.View)
uz.gita.puzzle15MBF.FragmentGame$registerBinding$1$2:
    public final void invoke(android.view.View)
...
androidx.transition.Styleable$VisibilityTransition
androidx.transition.Styleable
androidx.transition.Transition$ArrayListManager
androidx.transition.Transition$EpicenterCallback:
    public abstract android.graphics.Rect onGetEpicenter(androidx.transition.Transition)
androidx.transition.Transition$MatchOrder
androidx.transition.Transition:
    static final boolean DBG
    private static final java.lang.String LOG_TAG
    private static final int MATCH_FIRST
    public static final int MATCH_ID
    private static final java.lang.String MATCH_ID_STR
    public static final int MATCH_INSTANCE
    private static final java.lang.String MATCH_INSTANCE_STR
    public static final int MATCH_ITEM_ID
    private static final java.lang.String MATCH_ITEM_ID_STR
    private static final int MATCH_LAST
    public static final int MATCH_NAME
    private static final java.lang.String MATCH_NAME_STR
    public void <init>(android.content.Context,android.util.AttributeSet)
    public androidx.transition.Transition addTarget(int)
    public androidx.transition.Transition addTarget(java.lang.Class)
    public androidx.transition.Transition addTarget(java.lang.String)
    private static boolean alreadyContains(int[],int)
    public androidx.transition.Transition excludeChildren(int,boolean)
    public androidx.transition.Transition excludeChildren(android.view.View,boolean)
    public androidx.transition.Transition excludeChildren(java.lang.Class,boolean)
    private java.util.ArrayList excludeId(java.util.ArrayList,int,boolean)
    private static java.util.ArrayList excludeObject(java.util.ArrayList,java.lang.Object,boolean)
    public androidx.transition.Transition excludeTarget(int,boolean)
    public androidx.transition.Transition excludeTarget(android.view.View,boolean)
androidx.transition.TransitionInflater
androidx.transition.TransitionListenerAdapter:
    public void onTransitionEnd(androidx.transition.Transition)
androidx.transition.TransitionManager:
    private static final java.lang.String LOG_TAG
    private androidx.collection.ArrayMap mScenePairTransitions
    private androidx.collection.ArrayMap mSceneTransitions
    public void <init>()
    public static void beginDelayedTransition(android.view.ViewGroup)
    private static void changeScene(androidx.transition.Scene,androidx.transition.Transition)
    public static void endTransitions(android.view.ViewGroup)
    private androidx.transition.Transition getTransition(androidx.transition.Scene)
    public static void go(androidx.transition.Scene)
    public static void go(androidx.transition.Scene,androidx.transition.Transition)
    public void setTransition(androidx.transition.Scene,androidx.transition.Scene,androidx.transition.Transition)
    public void setTransition(androidx.transition.Scene,androidx.transition.Transition)
    public void transitionTo(androidx.transition.Scene)
androidx.transition.TransitionPropagation:
    public void <init>()